app/build/intermediates/manifest_merge_blame_file/debug/manifest-merger-blame-debug-report.txt
1<?xml version="1.0" encoding="utf-8"?>
2<manifest xmlns:android="http://schemas.android.com/apk/res/android"
3    package="com.zynksoftware.base"
4    android:versionCode="1"
5    android:versionName="1.0.0" >
6
7    <uses-sdk
8        android:minSdkVersion="23"
8-->src\main\AndroidManifest.xml
9        android:targetSdkVersion="31" />
9-->src\main\AndroidManifest.xml
10
11    <uses-permission android:name="android.permission.INTERNET" />
11-->[com.google.firebase:firebase-crashlytics:18.2.0] AndroidManifest.xml:10:5-67
11-->[com.google.firebase:firebase-crashlytics:18.2.0] AndroidManifest.xml:10:22-64
12    <uses-permission android:name="android.permission.ACCESS_NETWORK_STATE" />
12-->[com.google.firebase:firebase-messaging:22.0.0] AndroidManifest.xml:22:5-79
12-->[com.google.firebase:firebase-messaging:22.0.0] AndroidManifest.xml:22:22-76
13    <uses-permission android:name="android.permission.WAKE_LOCK" /> <!-- Required by older versions of Google Play services to create IID tokens -->
13-->[com.google.firebase:firebase-messaging:22.0.0] AndroidManifest.xml:23:5-68
13-->[com.google.firebase:firebase-messaging:22.0.0] AndroidManifest.xml:23:22-65
14    <uses-permission android:name="com.google.android.c2dm.permission.RECEIVE" />
14-->[com.google.firebase:firebase-messaging:22.0.0] AndroidManifest.xml:25:5-82
14-->[com.google.firebase:firebase-messaging:22.0.0] AndroidManifest.xml:25:22-79
15    <uses-permission android:name="com.google.android.finsky.permission.BIND_GET_INSTALL_REFERRER_SERVICE" />
15-->[com.google.android.gms:play-services-measurement:19.0.0] AndroidManifest.xml:26:5-110
15-->[com.google.android.gms:play-services-measurement:19.0.0] AndroidManifest.xml:26:22-107
16
17    <application
17-->src\main\AndroidManifest.xml:5:5-27:19
18        android:name="com.zynksoftware.base.BaseApplication"
18-->src\main\AndroidManifest.xml:6:9-40
19        android:allowBackup="false"
19-->src\main\AndroidManifest.xml:7:9-36
20        android:appComponentFactory="androidx.core.app.CoreComponentFactory"
20-->[androidx.core:core:1.7.0] AndroidManifest.xml:24:18-86
21        android:debuggable="true"
22        android:extractNativeLibs="false"
23        android:icon="@mipmap/ic_launcher"
23-->src\main\AndroidManifest.xml:8:9-43
24        android:label="@string/app_name"
24-->src\main\AndroidManifest.xml:9:9-41
25        android:roundIcon="@mipmap/ic_launcher_round"
25-->src\main\AndroidManifest.xml:10:9-54
26        android:supportsRtl="true"
26-->src\main\AndroidManifest.xml:11:9-35
27        android:testOnly="true"
28        android:theme="@style/Theme.BaseMVVM" >
28-->src\main\AndroidManifest.xml:12:9-46
29        <activity
29-->src\main\AndroidManifest.xml:13:9-21:20
30            android:name="com.zynksoftware.base.developeroptions.DeveloperActivity"
30-->src\main\AndroidManifest.xml:14:13-63
31            android:exported="true" >
31-->src\main\AndroidManifest.xml:15:13-36
32            <intent-filter>
32-->src\main\AndroidManifest.xml:16:13-20:29
33                <action android:name="android.intent.action.MAIN" />
33-->src\main\AndroidManifest.xml:17:17-69
33-->src\main\AndroidManifest.xml:17:25-66
34
35                <category android:name="android.intent.category.LAUNCHER" />
35-->src\main\AndroidManifest.xml:19:17-77
35-->src\main\AndroidManifest.xml:19:27-74
36            </intent-filter>
37        </activity>
38        <activity
38-->src\main\AndroidManifest.xml:22:9-26:20
39            android:name="com.zynksoftware.base.ui.MainActivity"
39-->src\main\AndroidManifest.xml:23:13-44
40            android:exported="true" >
40-->src\main\AndroidManifest.xml:24:13-36
41        </activity>
42        <activity
42-->[com.google.android.gms:play-services-auth:20.1.0] AndroidManifest.xml:23:9-27:75
43            android:name="com.google.android.gms.auth.api.signin.internal.SignInHubActivity"
43-->[com.google.android.gms:play-services-auth:20.1.0] AndroidManifest.xml:24:13-93
44            android:excludeFromRecents="true"
44-->[com.google.android.gms:play-services-auth:20.1.0] AndroidManifest.xml:25:13-46
45            android:exported="false"
45-->[com.google.android.gms:play-services-auth:20.1.0] AndroidManifest.xml:26:13-37
46            android:theme="@android:style/Theme.Translucent.NoTitleBar" />
46-->[com.google.android.gms:play-services-auth:20.1.0] AndroidManifest.xml:27:13-72
47        <!--
48            Service handling Google Sign-In user revocation. For apps that do not integrate with
49            Google Sign-In, this service will never be started.
50        -->
51        <service
51-->[com.google.android.gms:play-services-auth:20.1.0] AndroidManifest.xml:33:9-37:51
52            android:name="com.google.android.gms.auth.api.signin.RevocationBoundService"
52-->[com.google.android.gms:play-services-auth:20.1.0] AndroidManifest.xml:34:13-89
53            android:exported="true"
53-->[com.google.android.gms:play-services-auth:20.1.0] AndroidManifest.xml:35:13-36
54            android:permission="com.google.android.gms.auth.api.signin.permission.REVOCATION_NOTIFICATION"
54-->[com.google.android.gms:play-services-auth:20.1.0] AndroidManifest.xml:36:13-107
55            android:visibleToInstantApps="true" />
55-->[com.google.android.gms:play-services-auth:20.1.0] AndroidManifest.xml:37:13-48
56
57        <activity
57-->[com.google.android.gms:play-services-base:18.0.1] AndroidManifest.xml:20:9-22:45
58            android:name="com.google.android.gms.common.api.GoogleApiActivity"
58-->[com.google.android.gms:play-services-base:18.0.1] AndroidManifest.xml:20:19-85
59            android:exported="false"
59-->[com.google.android.gms:play-services-base:18.0.1] AndroidManifest.xml:22:19-43
60            android:theme="@android:style/Theme.Translucent.NoTitleBar" />
60-->[com.google.android.gms:play-services-base:18.0.1] AndroidManifest.xml:21:19-78
61
62        <service
62-->[com.google.firebase:firebase-messaging-ktx:22.0.0] AndroidManifest.xml:26:9-32:19
63            android:name="com.google.firebase.components.ComponentDiscoveryService"
63-->[com.google.firebase:firebase-messaging-ktx:22.0.0] AndroidManifest.xml:27:13-84
64            android:directBootAware="true"
64-->[com.google.firebase:firebase-common:20.0.0] AndroidManifest.xml:35:13-43
65            android:exported="false" >
65-->[com.google.firebase:firebase-messaging-ktx:22.0.0] AndroidManifest.xml:28:13-37
66            <meta-data
66-->[com.google.firebase:firebase-messaging-ktx:22.0.0] AndroidManifest.xml:29:13-31:85
67                android:name="com.google.firebase.components:com.google.firebase.messaging.ktx.FirebaseMessagingKtxRegistrar"
67-->[com.google.firebase:firebase-messaging-ktx:22.0.0] AndroidManifest.xml:30:17-126
68                android:value="com.google.firebase.components.ComponentRegistrar" />
68-->[com.google.firebase:firebase-messaging-ktx:22.0.0] AndroidManifest.xml:31:17-82
69            <meta-data
69-->[com.google.firebase:firebase-crashlytics-ktx:18.2.0] AndroidManifest.xml:27:13-29:85
70                android:name="com.google.firebase.components:com.google.firebase.crashlytics.ktx.FirebaseCrashlyticsKtxRegistrar"
70-->[com.google.firebase:firebase-crashlytics-ktx:18.2.0] AndroidManifest.xml:28:17-130
71                android:value="com.google.firebase.components.ComponentRegistrar" />
71-->[com.google.firebase:firebase-crashlytics-ktx:18.2.0] AndroidManifest.xml:29:17-82
72            <meta-data
72-->[com.google.firebase:firebase-analytics-ktx:19.0.0] AndroidManifest.xml:11:13-13:85
73                android:name="com.google.firebase.components:com.google.firebase.analytics.ktx.FirebaseAnalyticsKtxRegistrar"
73-->[com.google.firebase:firebase-analytics-ktx:19.0.0] AndroidManifest.xml:12:17-126
74                android:value="com.google.firebase.components.ComponentRegistrar" />
74-->[com.google.firebase:firebase-analytics-ktx:19.0.0] AndroidManifest.xml:13:17-82
75            <meta-data
75-->[com.google.firebase:firebase-common-ktx:20.0.0] AndroidManifest.xml:15:13-17:85
76                android:name="com.google.firebase.components:com.google.firebase.ktx.FirebaseCommonKtxRegistrar"
76-->[com.google.firebase:firebase-common-ktx:20.0.0] AndroidManifest.xml:16:17-113
77                android:value="com.google.firebase.components.ComponentRegistrar" />
77-->[com.google.firebase:firebase-common-ktx:20.0.0] AndroidManifest.xml:17:17-82
78            <meta-data
78-->[com.google.firebase:firebase-crashlytics:18.2.0] AndroidManifest.xml:18:13-20:85
79                android:name="com.google.firebase.components:com.google.firebase.crashlytics.CrashlyticsRegistrar"
79-->[com.google.firebase:firebase-crashlytics:18.2.0] AndroidManifest.xml:19:17-115
80                android:value="com.google.firebase.components.ComponentRegistrar" />
80-->[com.google.firebase:firebase-crashlytics:18.2.0] AndroidManifest.xml:20:17-82
81            <meta-data
81-->[com.google.firebase:firebase-messaging:22.0.0] AndroidManifest.xml:52:13-54:85
82                android:name="com.google.firebase.components:com.google.firebase.messaging.FirebaseMessagingRegistrar"
82-->[com.google.firebase:firebase-messaging:22.0.0] AndroidManifest.xml:53:17-119
83                android:value="com.google.firebase.components.ComponentRegistrar" />
83-->[com.google.firebase:firebase-messaging:22.0.0] AndroidManifest.xml:54:17-82
84            <meta-data
84-->[com.google.android.gms:play-services-measurement-api:19.0.0] AndroidManifest.xml:30:13-32:85
85                android:name="com.google.firebase.components:com.google.firebase.analytics.connector.internal.AnalyticsConnectorRegistrar"
85-->[com.google.android.gms:play-services-measurement-api:19.0.0] AndroidManifest.xml:31:17-139
86                android:value="com.google.firebase.components.ComponentRegistrar" />
86-->[com.google.android.gms:play-services-measurement-api:19.0.0] AndroidManifest.xml:32:17-82
87            <meta-data
87-->[com.google.firebase:firebase-installations:17.0.0] AndroidManifest.xml:18:13-20:85
88                android:name="com.google.firebase.components:com.google.firebase.installations.FirebaseInstallationsRegistrar"
88-->[com.google.firebase:firebase-installations:17.0.0] AndroidManifest.xml:19:17-127
89                android:value="com.google.firebase.components.ComponentRegistrar" />
89-->[com.google.firebase:firebase-installations:17.0.0] AndroidManifest.xml:20:17-82
90            <meta-data
90-->[com.google.firebase:firebase-datatransport:18.0.0] AndroidManifest.xml:28:13-30:85
91                android:name="com.google.firebase.components:com.google.firebase.datatransport.TransportRegistrar"
91-->[com.google.firebase:firebase-datatransport:18.0.0] AndroidManifest.xml:29:17-115
92                android:value="com.google.firebase.components.ComponentRegistrar" />
92-->[com.google.firebase:firebase-datatransport:18.0.0] AndroidManifest.xml:30:17-82
93        </service>
94
95        <receiver
95-->[com.google.firebase:firebase-messaging:22.0.0] AndroidManifest.xml:28:9-35:20
96            android:name="com.google.firebase.iid.FirebaseInstanceIdReceiver"
96-->[com.google.firebase:firebase-messaging:22.0.0] AndroidManifest.xml:29:13-78
97            android:exported="true"
97-->[com.google.firebase:firebase-messaging:22.0.0] AndroidManifest.xml:30:13-36
98            android:permission="com.google.android.c2dm.permission.SEND" >
98-->[com.google.firebase:firebase-messaging:22.0.0] AndroidManifest.xml:31:13-73
99            <intent-filter>
99-->[com.google.firebase:firebase-messaging:22.0.0] AndroidManifest.xml:32:13-34:29
100                <action android:name="com.google.android.c2dm.intent.RECEIVE" />
100-->[com.google.firebase:firebase-messaging:22.0.0] AndroidManifest.xml:33:17-81
100-->[com.google.firebase:firebase-messaging:22.0.0] AndroidManifest.xml:33:25-78
101            </intent-filter>
102        </receiver>
103        <!--
104             FirebaseMessagingService performs security checks at runtime,
105             but set to not exported to explicitly avoid allowing another app to call it.
106        -->
107        <service
107-->[com.google.firebase:firebase-messaging:22.0.0] AndroidManifest.xml:41:9-48:19
108            android:name="com.google.firebase.messaging.FirebaseMessagingService"
108-->[com.google.firebase:firebase-messaging:22.0.0] AndroidManifest.xml:42:13-82
109            android:directBootAware="true"
109-->[com.google.firebase:firebase-messaging:22.0.0] AndroidManifest.xml:43:13-43
110            android:exported="false" >
110-->[com.google.firebase:firebase-messaging:22.0.0] AndroidManifest.xml:44:13-37
111            <intent-filter android:priority="-500" >
111-->[com.google.firebase:firebase-messaging:22.0.0] AndroidManifest.xml:45:13-47:29
111-->[com.google.firebase:firebase-messaging:22.0.0] AndroidManifest.xml:45:28-51
112                <action android:name="com.google.firebase.MESSAGING_EVENT" />
112-->[com.google.firebase:firebase-messaging:22.0.0] AndroidManifest.xml:46:17-78
112-->[com.google.firebase:firebase-messaging:22.0.0] AndroidManifest.xml:46:25-75
113            </intent-filter>
114        </service>
115
116        <provider
116-->[com.google.firebase:firebase-common:20.0.0] AndroidManifest.xml:26:9-31:39
117            android:name="com.google.firebase.provider.FirebaseInitProvider"
117-->[com.google.firebase:firebase-common:20.0.0] AndroidManifest.xml:27:13-77
118            android:authorities="com.zynksoftware.base.firebaseinitprovider"
118-->[com.google.firebase:firebase-common:20.0.0] AndroidManifest.xml:28:13-72
119            android:directBootAware="true"
119-->[com.google.firebase:firebase-common:20.0.0] AndroidManifest.xml:29:13-43
120            android:exported="false"
120-->[com.google.firebase:firebase-common:20.0.0] AndroidManifest.xml:30:13-37
121            android:initOrder="100" />
121-->[com.google.firebase:firebase-common:20.0.0] AndroidManifest.xml:31:13-36
122
123        <receiver
123-->[com.google.android.gms:play-services-measurement:19.0.0] AndroidManifest.xml:29:9-33:20
124            android:name="com.google.android.gms.measurement.AppMeasurementReceiver"
124-->[com.google.android.gms:play-services-measurement:19.0.0] AndroidManifest.xml:30:13-85
125            android:enabled="true"
125-->[com.google.android.gms:play-services-measurement:19.0.0] AndroidManifest.xml:31:13-35
126            android:exported="false" >
126-->[com.google.android.gms:play-services-measurement:19.0.0] AndroidManifest.xml:32:13-37
127        </receiver>
128
129        <service
129-->[com.google.android.gms:play-services-measurement:19.0.0] AndroidManifest.xml:35:9-38:40
130            android:name="com.google.android.gms.measurement.AppMeasurementService"
130-->[com.google.android.gms:play-services-measurement:19.0.0] AndroidManifest.xml:36:13-84
131            android:enabled="true"
131-->[com.google.android.gms:play-services-measurement:19.0.0] AndroidManifest.xml:37:13-35
132            android:exported="false" />
132-->[com.google.android.gms:play-services-measurement:19.0.0] AndroidManifest.xml:38:13-37
133        <service
133-->[com.google.android.gms:play-services-measurement:19.0.0] AndroidManifest.xml:39:9-43:72
134            android:name="com.google.android.gms.measurement.AppMeasurementJobService"
134-->[com.google.android.gms:play-services-measurement:19.0.0] AndroidManifest.xml:40:13-87
135            android:enabled="true"
135-->[com.google.android.gms:play-services-measurement:19.0.0] AndroidManifest.xml:41:13-35
136            android:exported="false"
136-->[com.google.android.gms:play-services-measurement:19.0.0] AndroidManifest.xml:42:13-37
137            android:permission="android.permission.BIND_JOB_SERVICE" />
137-->[com.google.android.gms:play-services-measurement:19.0.0] AndroidManifest.xml:43:13-69
138
139        <meta-data
139-->[com.google.android.gms:play-services-basement:18.0.0] AndroidManifest.xml:21:9-23:69
140            android:name="com.google.android.gms.version"
140-->[com.google.android.gms:play-services-basement:18.0.0] AndroidManifest.xml:22:13-58
141            android:value="@integer/google_play_services_version" />
141-->[com.google.android.gms:play-services-basement:18.0.0] AndroidManifest.xml:23:13-66
142
143        <uses-library
143-->[androidx.window:window:1.0.0] AndroidManifest.xml:25:9-27:40
144            android:name="androidx.window.extensions"
144-->[androidx.window:window:1.0.0] AndroidManifest.xml:26:13-54
145            android:required="false" />
145-->[androidx.window:window:1.0.0] AndroidManifest.xml:27:13-37
146        <uses-library
146-->[androidx.window:window:1.0.0] AndroidManifest.xml:28:9-30:40
147            android:name="androidx.window.sidecar"
147-->[androidx.window:window:1.0.0] AndroidManifest.xml:29:13-51
148            android:required="false" />
148-->[androidx.window:window:1.0.0] AndroidManifest.xml:30:13-37
149
150        <provider
150-->[androidx.emoji2:emoji2:1.0.0] AndroidManifest.xml:26:9-34:20
151            android:name="androidx.startup.InitializationProvider"
151-->[androidx.emoji2:emoji2:1.0.0] AndroidManifest.xml:27:13-67
152            android:authorities="com.zynksoftware.base.androidx-startup"
152-->[androidx.emoji2:emoji2:1.0.0] AndroidManifest.xml:28:13-68
153            android:exported="false" >
153-->[androidx.emoji2:emoji2:1.0.0] AndroidManifest.xml:29:13-37
154            <meta-data
154-->[androidx.emoji2:emoji2:1.0.0] AndroidManifest.xml:31:13-33:52
155                android:name="androidx.emoji2.text.EmojiCompatInitializer"
155-->[androidx.emoji2:emoji2:1.0.0] AndroidManifest.xml:32:17-75
156                android:value="androidx.startup" />
156-->[androidx.emoji2:emoji2:1.0.0] AndroidManifest.xml:33:17-49
157            <meta-data
157-->[androidx.lifecycle:lifecycle-process:2.4.0] AndroidManifest.xml:31:13-33:52
158                android:name="androidx.lifecycle.ProcessLifecycleInitializer"
158-->[androidx.lifecycle:lifecycle-process:2.4.0] AndroidManifest.xml:32:17-78
159                android:value="androidx.startup" />
159-->[androidx.lifecycle:lifecycle-process:2.4.0] AndroidManifest.xml:33:17-49
160        </provider>
161
162        <service
162-->[com.google.android.datatransport:transport-backend-cct:3.0.0] AndroidManifest.xml:29:9-35:19
163            android:name="com.google.android.datatransport.runtime.backends.TransportBackendDiscovery"
163-->[com.google.android.datatransport:transport-backend-cct:3.0.0] AndroidManifest.xml:30:13-103
164            android:exported="false" >
164-->[com.google.android.datatransport:transport-backend-cct:3.0.0] AndroidManifest.xml:31:13-37
165            <meta-data
165-->[com.google.android.datatransport:transport-backend-cct:3.0.0] AndroidManifest.xml:32:13-34:39
166                android:name="backend:com.google.android.datatransport.cct.CctBackendFactory"
166-->[com.google.android.datatransport:transport-backend-cct:3.0.0] AndroidManifest.xml:33:17-94
167                android:value="cct" />
167-->[com.google.android.datatransport:transport-backend-cct:3.0.0] AndroidManifest.xml:34:17-36
168        </service>
169        <service
169-->[com.google.android.datatransport:transport-runtime:3.0.0] AndroidManifest.xml:26:9-30:19
170            android:name="com.google.android.datatransport.runtime.scheduling.jobscheduling.JobInfoSchedulerService"
170-->[com.google.android.datatransport:transport-runtime:3.0.0] AndroidManifest.xml:27:13-117
171            android:exported="false"
171-->[com.google.android.datatransport:transport-runtime:3.0.0] AndroidManifest.xml:28:13-37
172            android:permission="android.permission.BIND_JOB_SERVICE" >
172-->[com.google.android.datatransport:transport-runtime:3.0.0] AndroidManifest.xml:29:13-69
173        </service>
174
175        <receiver
175-->[com.google.android.datatransport:transport-runtime:3.0.0] AndroidManifest.xml:32:9-34:40
176            android:name="com.google.android.datatransport.runtime.scheduling.jobscheduling.AlarmManagerSchedulerBroadcastReceiver"
176-->[com.google.android.datatransport:transport-runtime:3.0.0] AndroidManifest.xml:33:13-132
177            android:exported="false" />
177-->[com.google.android.datatransport:transport-runtime:3.0.0] AndroidManifest.xml:34:13-37
178    </application>
179
180</manifest>